<?xml version="1.0" encoding="UTF-8"?>
<!-- Generated by org.testng.reporters.JUnitReportReporter -->
<testsuite hostname="DESKTOP-F4UK9QS" failures="0" tests="1" name="com.rmg.Validation.StaticValidationTest" time="4.207" errors="0" timestamp="21 Jul 2022 12:50:57 GMT" skipped="0">
  <testcase classname="com.rmg.Validation.StaticValidationTest" name="staticValidation" time="4.207"/>
</testsuite> <!-- com.rmg.Validation.StaticValidationTest -->
