<?xml version="1.0" encoding="UTF-8"?>
<!-- Generated by org.testng.reporters.JUnitReportReporter -->
<testsuite hostname="DESKTOP-F4UK9QS" failures="0" tests="1" name="com.crm.rmgyantra.WaystoPostRequest.CreatingProjectUsingFile" time="3.102" errors="0" timestamp="21 Jul 2022 10:44:59 GMT" skipped="0">
  <testcase classname="com.crm.rmgyantra.WaystoPostRequest.CreatingProjectUsingFile" name="createproject" time="3.102"/>
</testsuite> <!-- com.crm.rmgyantra.WaystoPostRequest.CreatingProjectUsingFile -->
