<?xml version="1.0" encoding="UTF-8"?>
<!-- Generated by org.testng.reporters.JUnitReportReporter -->
<testsuite hostname="DESKTOP-F4UK9QS" failures="0" tests="1" name="com.rmg.Validation.DynamicValidation" time="4.840" errors="0" timestamp="2022-08-06T11:21:24 IST" skipped="0">
  <testcase classname="com.rmg.Validation.DynamicValidation" name="dynamicValidation" time="4.840"/>
  <system-out/>
</testsuite> <!-- com.rmg.Validation.DynamicValidation -->
