<?xml version="1.0" encoding="UTF-8"?>
<!-- Generated by org.testng.reporters.JUnitReportReporter -->
<testsuite hostname="DESKTOP-F4UK9QS" failures="0" tests="1" name="com.Assignment_endToend.EndtoEnd" time="4.986" errors="0" timestamp="2022-07-27T12:04:41 IST" skipped="0">
  <testcase classname="com.Assignment_endToend.EndtoEnd" name="endToend" time="4.986"/>
  <system-out/>
</testsuite> <!-- com.Assignment_endToend.EndtoEnd -->
