<?xml version="1.0" encoding="UTF-8"?>
<!-- Generated by org.testng.reporters.JUnitReportReporter -->
<testsuite hostname="DESKTOP-F4UK9QS" failures="0" tests="1" name="com.rmg.Validation.hamcrestTest" time="3.281" errors="0" timestamp="21 Jul 2022 12:38:37 GMT" skipped="0">
  <testcase classname="com.rmg.Validation.hamcrestTest" name="hamcrestMatchersTest" time="3.281"/>
</testsuite> <!-- com.rmg.Validation.hamcrestTest -->
