<?xml version="1.0" encoding="UTF-8"?>
<!-- Generated by org.testng.reporters.JUnitReportReporter -->
<testsuite hostname="DESKTOP-F4UK9QS" failures="0" tests="1" name="com.crm.rmgyantra.Authentication.BarerTokenTest" time="3.345" errors="0" timestamp="25 Jul 2022 10:21:20 GMT" skipped="0">
  <testcase classname="com.crm.rmgyantra.Authentication.BarerTokenTest" name="barerToken" time="3.345"/>
</testsuite> <!-- com.crm.rmgyantra.Authentication.BarerTokenTest -->
