<?xml version="1.0" encoding="UTF-8"?>
<!-- Generated by org.testng.reporters.JUnitReportReporter -->
<testsuite hostname="DESKTOP-F4UK9QS" failures="0" tests="1" name="com.crm.rmgyantra.Authentication.BasicAuthTest" time="3.359" errors="0" timestamp="25 Jul 2022 10:00:48 GMT" skipped="0">
  <testcase classname="com.crm.rmgyantra.Authentication.BasicAuthTest" name="basicAuth" time="3.359"/>
</testsuite> <!-- com.crm.rmgyantra.Authentication.BasicAuthTest -->
