<?xml version="1.0" encoding="UTF-8"?>
<!-- Generated by org.testng.reporters.JUnitReportReporter -->
<testsuite hostname="DESKTOP-F4UK9QS" failures="0" tests="1" name="com.CRUDOperations.UpdatingProjectTest" time="2.505" errors="0" timestamp="21 Jul 2022 13:15:44 GMT" skipped="0">
  <testcase classname="com.CRUDOperations.UpdatingProjectTest" name="updatingProject" time="2.505"/>
</testsuite> <!-- com.CRUDOperations.UpdatingProjectTest -->
