<?xml version="1.0" encoding="UTF-8"?>
<!-- Generated by org.testng.reporters.JUnitReportReporter -->
<testsuite hostname="DESKTOP-F4UK9QS" failures="0" tests="1" name="com.CRUDOperations.GettingProjectTest" time="2.842" errors="0" timestamp="19 Jul 2022 12:24:27 GMT" skipped="0">
  <testcase classname="com.CRUDOperations.GettingProjectTest" name="getProjectTest" time="2.842"/>
</testsuite> <!-- com.CRUDOperations.GettingProjectTest -->
