<?xml version="1.0" encoding="UTF-8"?>
<!-- Generated by org.testng.reporters.JUnitReportReporter -->
<testsuite hostname="DESKTOP-F4UK9QS" failures="0" tests="1" name="com.rmgyantra.pojotest.pojoTest" time="3.508" errors="0" timestamp="21 Jul 2022 10:56:07 GMT" skipped="0">
  <testcase classname="com.rmgyantra.pojotest.pojoTest" name="pojo1" time="3.508"/>
</testsuite> <!-- com.rmgyantra.pojotest.pojoTest -->
