<?xml version="1.0" encoding="UTF-8"?>
<!-- Generated by org.testng.reporters.JUnitReportReporter -->
<testsuite hostname="DESKTOP-F4UK9QS" failures="0" tests="1" name="com.crm.rmgyantra.Authentication.OAuthTest" time="5.042" errors="0" timestamp="25 Jul 2022 11:16:54 GMT" skipped="0">
  <testcase classname="com.crm.rmgyantra.Authentication.OAuthTest" name="oauth" time="5.042"/>
</testsuite> <!-- com.crm.rmgyantra.Authentication.OAuthTest -->
