<?xml version="1.0" encoding="UTF-8"?>
<!-- Generated by org.testng.reporters.JUnitReportReporter -->
<testsuite hostname="DESKTOP-F4UK9QS" failures="0" tests="1" name="com.rmgyantra.RequestChaining.RequestChainingTest" time="4.749" errors="0" timestamp="25 Jul 2022 09:42:55 GMT" skipped="0">
  <testcase classname="com.rmgyantra.RequestChaining.RequestChainingTest" name="reqChaining" time="4.749"/>
</testsuite> <!-- com.rmgyantra.RequestChaining.RequestChainingTest -->
