<?xml version="1.0" encoding="UTF-8"?>
<!-- Generated by org.testng.reporters.JUnitReportReporter -->
<testsuite hostname="DESKTOP-F4UK9QS" failures="0" tests="1" name="com.CRUDOperationswith_BDD.GettingProjectTest" time="2.174" errors="0" timestamp="20 Jul 2022 07:49:00 GMT" skipped="0">
  <testcase classname="com.CRUDOperationswith_BDD.GettingProjectTest" name="gettingProject" time="2.174"/>
</testsuite> <!-- com.CRUDOperationswith_BDD.GettingProjectTest -->
