<?xml version="1.0" encoding="UTF-8"?>
<!-- Generated by org.testng.reporters.JUnitReportReporter -->
<testsuite hostname="DESKTOP-F4UK9QS" failures="0" tests="1" name="com.CRUDOperations.CreatingProjectTest" time="3.926" errors="0" timestamp="20 Jul 2022 06:42:47 GMT" skipped="0">
  <testcase classname="com.CRUDOperations.CreatingProjectTest" name="creatingProject" time="3.926"/>
</testsuite> <!-- com.CRUDOperations.CreatingProjectTest -->
