<?xml version="1.0" encoding="UTF-8"?>
<!-- Generated by org.testng.reporters.JUnitReportReporter -->
<testsuite hostname="DESKTOP-F4UK9QS" failures="0" tests="1" name="com.Assignment_endToend.Assignment1" time="4.237" errors="0" timestamp="25 Jul 2022 13:11:58 GMT" skipped="0">
  <testcase classname="com.Assignment_endToend.Assignment1" name="example" time="4.237"/>
</testsuite> <!-- com.Assignment_endToend.Assignment1 -->
