<?xml version="1.0" encoding="UTF-8"?>
<!-- Generated by org.testng.reporters.JUnitReportReporter -->
<testsuite hostname="DESKTOP-F4UK9QS" failures="0" tests="2" name="com.rmgyantra.pojotest.DataProvider_PojoTest1" time="3.492" errors="0" timestamp="21 Jul 2022 12:54:58 GMT" skipped="0">
  <testcase classname="com.rmgyantra.pojotest.DataProvider_PojoTest1" name="pojo1" time="0.170"/>
  <testcase classname="com.rmgyantra.pojotest.DataProvider_PojoTest1" name="pojo1" time="3.322"/>
</testsuite> <!-- com.rmgyantra.pojotest.DataProvider_PojoTest1 -->
