<?xml version="1.0" encoding="UTF-8"?>
<!-- Generated by org.testng.reporters.JUnitReportReporter -->
<testsuite hostname="DESKTOP-F4UK9QS" failures="0" tests="1" name="com.crm.rmgyantra.WaystoPostRequest.CreateProjectUsingHashMap" time="3.635" errors="0" timestamp="21 Jul 2022 10:41:00 GMT" skipped="0">
  <testcase classname="com.crm.rmgyantra.WaystoPostRequest.CreateProjectUsingHashMap" name="hashMaping" time="3.635"/>
</testsuite> <!-- com.crm.rmgyantra.WaystoPostRequest.CreateProjectUsingHashMap -->
