<?xml version="1.0" encoding="UTF-8"?>
<!-- Generated by org.testng.reporters.JUnitReportReporter -->
<testsuite hostname="DESKTOP-F4UK9QS" failures="0" tests="1" name="com.CRUDOperationswith_BDD.UpdatingProjectTest" time="2.575" errors="0" timestamp="20 Jul 2022 07:51:38 GMT" skipped="0">
  <testcase classname="com.CRUDOperationswith_BDD.UpdatingProjectTest" name="updateProject" time="2.575"/>
</testsuite> <!-- com.CRUDOperationswith_BDD.UpdatingProjectTest -->
